Removed Member From Class: ClassName=rigidPCB2_rev Member=C17
Change Footprint: Footprint Not Found CAP 0402/1005
Change Footprint: Footprint Not Found CAP 0402/1005
Change Component Designator: OldDesignator=C3 NewDesignator=C30
Change Component Designator: OldDesignator=C4 NewDesignator=C31
Change Component Designator: OldDesignator=C5 NewDesignator=C3
Change Component Designator: OldDesignator=C6 NewDesignator=C4
Change Component Designator: OldDesignator=C7 NewDesignator=C32
Change Component Designator: OldDesignator=C8 NewDesignator=C33
Change Component Designator: OldDesignator=C9 NewDesignator=C7
Change Component Designator: OldDesignator=C10 NewDesignator=C8
Change Component Designator: OldDesignator=C11 NewDesignator=C9
Change Component Designator: OldDesignator=C12 NewDesignator=C10
Change Component Designator: OldDesignator=C16 NewDesignator=C15
Change Component Designator: OldDesignator=C17 NewDesignator=C16
Change Component Designator: OldDesignator=C18 NewDesignator=C21
Change Component Designator: OldDesignator=C19 NewDesignator=C22
Change Component Designator: OldDesignator=C20 NewDesignator=C23
Change Component Designator: OldDesignator=C22 NewDesignator=C36
Change Component Designator: OldDesignator=C23 NewDesignator=C5
Change Component Designator: OldDesignator=C24 NewDesignator=C6
Change Component Designator: OldDesignator=C25 NewDesignator=C11
Change Component Designator: OldDesignator=C26 NewDesignator=C12
Change Component Designator: OldDesignator=C27 NewDesignator=C24
Change Component Designator: OldDesignator=C28 NewDesignator=C25
Change Component Designator: OldDesignator=C29 NewDesignator=C26
Change Component Designator: OldDesignator=C30 NewDesignator=C28
Change Component Designator: OldDesignator=C31 NewDesignator=C27
Change Component Designator: OldDesignator=C32 NewDesignator=C29
Change Component Designator: OldDesignator=C33 NewDesignator=C17
Change Component Designator: OldDesignator=C34 NewDesignator=C18
Change Component Designator: OldDesignator=C35 NewDesignator=C19
Change Component Designator: OldDesignator=C36 NewDesignator=C20
Change Component Designator: OldDesignator=J1 NewDesignator=J3
Change Component Designator: OldDesignator=R1 NewDesignator=R8
Change Component Designator: OldDesignator=R2 NewDesignator=R9
Change Component Designator: OldDesignator=R3 NewDesignator=R10
Change Component Designator: OldDesignator=R4 NewDesignator=R11
Change Component Designator: OldDesignator=R5 NewDesignator=R12
Change Component Designator: OldDesignator=R6 NewDesignator=R3
Change Component Designator: OldDesignator=R7 NewDesignator=R13
Change Component Designator: OldDesignator=R8 NewDesignator=R14
Change Component Designator: OldDesignator=R10 NewDesignator=R1
Change Component Designator: OldDesignator=R11 NewDesignator=R16
Change Component Designator: OldDesignator=R12 NewDesignator=R4
Change Component Designator: OldDesignator=R14 NewDesignator=R5
Change Component Designator: OldDesignator=R15 NewDesignator=R6
Change Component Designator: OldDesignator=R16 NewDesignator=R7
Change Component Designator: OldDesignator=U1 NewDesignator=U5
Change Component Designator: OldDesignator=U2 NewDesignator=U1
Change Component Designator: OldDesignator=U5 NewDesignator=U2
Change Component Designator: OldDesignator=U6 NewDesignator=U3
Add Component: Footprint Not Found CAP 0201/0603
Add Component: Footprint Not Found CAP 0201/0603
Add Component: Footprint Not Found RES 0201/0603
Add Component: Footprint Not Found RES 0201/0603
Add Component: Footprint Not Found TP_SMD_DJB
Add Component: Footprint Not Found TP_SMD_DJB
Add Component: Footprint Not Found LGA14R50P5X4_300X250X83
Add Pin To Net: Unknown Pin: Pin C34-1
Add Pin To Net: Unknown Pin: Pin C34-2
Add Pin To Net: Unknown Pin: Pin C35-1
Add Pin To Net: Unknown Pin: Pin C35-2
Add Pin To Net: Unknown Pin: Pin J1-1
Add Pin To Net: Unknown Pin: Pin J1-2
Add Pin To Net: Unknown Pin: Pin J1-3
Add Pin To Net: Unknown Pin: Pin J1-4
Add Pin To Net: Unknown Pin: Pin J1-5
Add Pin To Net: Unknown Pin: Pin R2-1
Add Pin To Net: Unknown Pin: Pin R2-2
Add Pin To Net: Unknown Pin: Pin R15-1
Add Pin To Net: Unknown Pin: Pin TP9-1
Add Pin To Net: Unknown Pin: Pin TP10-1
Add Pin To Net: Unknown Pin: Pin U6-5
Add Pin To Net: Unknown Pin: Pin U6-6
Add Pin To Net: Unknown Pin: Pin U6-7
Add Pin To Net: Unknown Pin: Pin U6-8
Add Pin To Net: Unknown Pin: Pin U7-1
Add Pin To Net: Unknown Pin: Pin U7-5
Add Pin To Net: Unknown Pin: Pin U7-6
Add Pin To Net: Unknown Pin: Pin U7-7
Add Pin To Net: Unknown Pin: Pin U7-8
Add Pin To Net: Unknown Pin: Pin U7-12
Add Pin To Net: Unknown Pin: Pin U7-13
Add Pin To Net: Unknown Pin: Pin U7-14
Change Net Name : Old Net Name=NetC16_1 New Net Name=NetC15_1
Change Net Name : Old Net Name=NetC17_1 New Net Name=NetC16_1
Change Net Name : Old Net Name=NetC18_1 New Net Name=NetC21_1
Change Net Name : Old Net Name=NetC20_2 New Net Name=NetC23_2
Change Net Name : Old Net Name=NetC30_2 New Net Name=NetC28_2
Change Net Name : Old Net Name=NetC31_2 New Net Name=NetC27_2
Change Net Name : Old Net Name=NetC32_2 New Net Name=NetC29_2
Added Pin To Net: NetName=NetU5_D1 Pin=U5-D1
Added Net: Name=NetU5_D1
Added Pin To Net: NetName=NetU5_E1 Pin=U5-E1
Added Net: Name=NetU5_E1
Added Pin To Net: NetName=NetU5_F2 Pin=U5-F2
Added Net: Name=NetU5_F2
Added Pin To Net: NetName=NetU5_F3 Pin=U5-F3
Added Net: Name=NetU5_F3
Added Member To Class: ClassName=rigidPCB_rev Member=Component C12 CL03A105KQ3CSNH
Added Member To Class: ClassName=rigidPCB_rev Member=Component C13 10uF
Added Member To Class: ClassName=rigidPCB_rev Member=Component C14 10uF
Added Member To Class: ClassName=rigidPCB_rev Member=Component C15 10uF
Added Member To Class: ClassName=rigidPCB_rev Member=Component C17 1uF
Added Member To Class: ClassName=rigidPCB_rev Member=Component C18 1uF
Added Member To Class: ClassName=rigidPCB_rev Member=Component C19 1uF
Added Member To Class: ClassName=rigidPCB_rev Member=Component C21 10uF
Added Member To Class: ClassName=rigidPCB_rev Member=Component C22 0.10uF
Added Member To Class: ClassName=rigidPCB_rev Member=Component C23 1uF
Added Member To Class: ClassName=rigidPCB_rev Member=Component C24 1uF
Added Member To Class: ClassName=rigidPCB_rev Member=Component C27 1uF
Add Class Member: Failed to add class member : Component C34 0.10uF
Add Class Member: Failed to add class member : Component C35 0.10uF
Add Class Member: Failed to add class member : Component J1 mic_speaker_connect
Add Class Member: Failed to add class member : Component R2 1k
Added Member To Class: ClassName=rigidPCB_rev Member=Component R3 1k
Added Member To Class: ClassName=rigidPCB_rev Member=Component R4 1k
Added Member To Class: ClassName=rigidPCB_rev Member=Component R6 RC0402FR-071K4L
Add Class Member: Failed to add class member : Component R15 2.2k
Add Class Member: Failed to add class member : Component TP9 TP_SMD_DJB
Add Class Member: Failed to add class member : Component TP10 TP_SMD_DJB
Added Member To Class: ClassName=rigidPCB_rev Member=Component U3 MIC5367 LDO 1.2V
Add Class Member: Failed to add class member : Component U6 NBA3N206SDG
Add Class Member: Failed to add class member : Component U7 BMI160
