Removed Pin From Net: NetName=+1V2_D Pin=C4-2
Removed Pin From Net: NetName=+3V3_D Pin=C7-1
Removed Pin From Net: NetName=GND Pin=C7-2
Removed Pin From Net: NetName=GND Pin=C13-1
Removed Pin From Net: NetName=+3V3_D Pin=C13-2
Removed Pin From Net: NetName=+3V3_D Pin=C14-1
Removed Pin From Net: NetName=GND Pin=C14-2
Removed Pin From Net: NetName=+3V3_D Pin=C23-2
Removed Pin From Net: NetName=GND Pin=C24-1
Removed Pin From Net: NetName=+1V8 Pin=C24-2
Removed Pin From Net: NetName=MIC3 Pin=C25-2
Removed Pin From Net: NetName=MIC2 Pin=J2-1
Removed Pin From Net: NetName=GND Pin=J3-4
Removed Pin From Net: NetName=LVDS_N Pin=R2-1
Removed Pin From Net: NetName=LVDS_P Pin=R3-1
Removed Pin From Net: NetName=LVDS_N Pin=R3-2
Removed Pin From Net: NetName=LVDS_P Pin=R4-1
Removed Pin From Net: NetName=GND Pin=R5-1
Removed Pin From Net: NetName=LVDS_P Pin=R5-2
Removed Pin From Net: NetName=+3V3_D Pin=R6-2
Removed Pin From Net: NetName=GND Pin=R10-1
Removed Pin From Net: NetName=+1V8 Pin=R11-2
Removed Pin From Net: NetName=+1V8 Pin=R12-2
Removed Pin From Net: NetName=+3V7 Pin=TP1-1
Removed Pin From Net: NetName=+3V7 Pin=TP2-1
Removed Pin From Net: NetName=GND Pin=TP7-1
Removed Pin From Net: NetName=GND Pin=TP8-1
Removed Pin From Net: NetName=CS_C Pin=U1-A1
Removed Pin From Net: NetName=+3V3_D Pin=U1-A3
Removed Pin From Net: NetName=SCLK Pin=U1-B1
Removed Pin From Net: NetName=+1V2_D Pin=U1-C1
Removed Pin From Net: NetName=GND Pin=U1-C5
Removed Pin From Net: NetName=GND Pin=U1-D1
Removed Pin From Net: NetName=+1V2_D Pin=U1-D5
Removed Pin From Net: NetName=MISO Pin=U1-E1
Removed Pin From Net: NetName=CS_I Pin=U1-E2
Removed Pin From Net: NetName=MOSI Pin=U1-E3
Removed Pin From Net: NetName=LRCLK Pin=U1-E6
Removed Pin From Net: NetName=CCLK Pin=U1-F1
Removed Pin From Net: NetName=+3V3_D Pin=U1-F2
Removed Pin From Net: NetName=DMIC Pin=U1-F3
Removed Pin From Net: NetName=DSPK Pin=U1-F4
Removed Pin From Net: NetName=BCLK Pin=U1-F5
Removed Pin From Net: NetName=MISO Pin=U3-1
Removed Pin From Net: NetName=+3V3_D Pin=U3-5
Removed Pin From Net: NetName=GND Pin=U3-6
Removed Pin From Net: NetName=GND Pin=U3-7
Removed Pin From Net: NetName=CS_I Pin=U3-12
Removed Pin From Net: NetName=SCLK Pin=U3-13
Removed Pin From Net: NetName=MOSI Pin=U3-14
Removed Pin From Net: NetName=+3V3_D Pin=Y1-1
Removed Pin From Net: NetName=GND Pin=Y1-2
Removed Pin From Net: NetName=+3V3_D Pin=Y1-4
Removed Member From Class: ClassName=rigidPCB Member=C3
Removed Member From Class: ClassName=rigidPCB Member=C4
Removed Member From Class: ClassName=rigidPCB Member=C7
Removed Member From Class: ClassName=rigidPCB Member=C8
Removed Member From Class: ClassName=rigidPCB Member=C15
Removed Member From Class: ClassName=rigidPCB Member=C21
Removed Member From Class: ClassName=rigidPCB Member=C22
Removed Member From Class: ClassName=rigidPCB Member=J1
Removed Member From Class: ClassName=rigidPCB Member=R1
Removed Member From Class: ClassName=rigidPCB Member=R2
Removed Member From Class: ClassName=rigidPCB Member=R3
Removed Member From Class: ClassName=rigidPCB Member=R4
Removed Member From Class: ClassName=rigidPCB Member=R5
Removed Member From Class: ClassName=rigidPCB Member=R7
Removed Member From Class: ClassName=rigidPCB Member=R8
Removed Member From Class: ClassName=rigidPCB Member=R9
Removed Member From Class: ClassName=rigidPCB Member=R11
Removed Member From Class: ClassName=rigidPCB Member=TP1
Removed Member From Class: ClassName=rigidPCB Member=TP2
Removed Member From Class: ClassName=rigidPCB Member=TP3
Removed Member From Class: ClassName=rigidPCB Member=TP4
Removed Member From Class: ClassName=rigidPCB Member=TP5
Removed Member From Class: ClassName=rigidPCB Member=TP6
Removed Member From Class: ClassName=rigidPCB Member=TP7
Removed Member From Class: ClassName=rigidPCB Member=TP8
Removed Member From Class: ClassName=rigidPCB Member=U1
Removed Member From Class: ClassName=rigidPCB Member=U3
Removed Member From Class: ClassName=rigidPCB Member=Y1
Change Component Footprint: Designator=U1 Old Footprint=BGA36_WLCS_25X25_MACHXO3 New Footprint=BGA36x6
Change Footprint: Footprint Not Found CAP 0402/1005
Change Component Footprint: Designator=C24 Old Footprint=CAP 0402/1005 New Footprint=CL03A105KQ3CSNH
Change Footprint: Footprint Not Found CAP 0402/1005
Change Component Footprint: Designator=U2 Old Footprint=QFN40_LFCSP_WQ_6mmx6mm New Footprint=ADAU1772BCPZ
Change Component Footprint: Designator=R4 Old Footprint=RES 0201/0603 New Footprint=FP-RC0603-0_55-IPC_C
Change Component Footprint: Designator=R11 Old Footprint=RES 0201/0603 New Footprint=FP-RC0603-0_55-IPC_C
Change Component Footprint: Designator=R1 Old Footprint=RES 0201/0603 New Footprint=J1-0603
Change Component Footprint: Designator=R2 Old Footprint=RES 0201/0603 New Footprint=J1-0603
Change Component Footprint: Designator=R3 Old Footprint=RES 0201/0603 New Footprint=J1-0603
Change Component Comment : Designator=C23 Old Comment=0.10uF New Comment=10uF
Change Component Comment : Designator=R11 Old Comment=1k New Comment=RC0603FR-0710KL
Change Component Comment : Designator=R10 Old Comment=2.2k New Comment=1k
Change Component Comment : Designator=R5 Old Comment=2k New Comment=4.7k
Change Component Comment : Designator=R1 Old Comment=2k New Comment=Res3
Change Component Comment : Designator=C24 Old Comment=10uF New Comment=CL03A105KQ3CSNH
Change Component Comment : Designator=R4 Old Comment=100 New Comment=RC0603FR-0710KL
Change Component Comment : Designator=R2 Old Comment=100 New Comment=Res3
Change Component Comment : Designator=R3 Old Comment=115 New Comment=Res3
Change Component Comment : Designator=U2 Old Comment=ADAU1372 New Comment=
Change Comment: Unknown Component : U3
Change Component Comment : Designator=C25 Old Comment=CL03A105KQ3CSNH New Comment=10uF
Change Component Comment : Designator=U1 Old Comment=LCMXO3LF-1300E-XUWG36 New Comment=ICE40LP1K-CM36A
Change Comment: Unknown Component : J3
Change Component Designator: OldDesignator=C15 NewDesignator=C13
Change Component Designator: OldDesignator=C16 NewDesignator=C14
Change Component Designator: OldDesignator=C17 NewDesignator=C16
Change Component Designator: OldDesignator=C18 NewDesignator=C17
Change Component Designator: OldDesignator=C19 NewDesignator=C20
Change Component Designator: OldDesignator=C20 NewDesignator=C18
Change Component Designator: OldDesignator=C21 NewDesignator=C19
Change Component Designator: OldDesignator=C26 NewDesignator=C27
Change Component Designator: OldDesignator=C27 NewDesignator=C33
Change Component Designator: OldDesignator=C28 NewDesignator=C34
Change Component Designator: OldDesignator=C29 NewDesignator=C35
Change Component Designator: OldDesignator=C31 NewDesignator=C36
Change Component Designator: OldDesignator=C32 NewDesignator=C28
Change Component Designator: OldDesignator=C33 NewDesignator=C29
Change Component Designator: OldDesignator=C34 NewDesignator=C31
Change Component Designator: OldDesignator=C35 NewDesignator=C32
Change Component Designator: OldDesignator=R9 NewDesignator=R6
Change Component Designator: OldDesignator=R13 NewDesignator=R12
Change Component Designator: OldDesignator=R15 NewDesignator=R16
Change Component Designator: OldDesignator=U4 NewDesignator=U6
Change Component Designator: OldDesignator=U5 NewDesignator=U4
Change Component Designator: OldDesignator=U6 NewDesignator=U5
Change Managed Component Library Link : Designator=R4 Old VaultGUID= New VaultGUID=B7D15EC3-160A-466F-A46C-7801FE6295A7 Old ItemGUID= New ItemGUID=51846D92-C0CB-4951-BA04-A3CD714416C2 Old RevisionGUID= New RevisionGUID=AF424D90-B815-4E77-82CA-02F9A94112CD
Change Managed Component Library Link : Designator=R11 Old VaultGUID= New VaultGUID=B7D15EC3-160A-466F-A46C-7801FE6295A7 Old ItemGUID= New ItemGUID=51846D92-C0CB-4951-BA04-A3CD714416C2 Old RevisionGUID= New RevisionGUID=AF424D90-B815-4E77-82CA-02F9A94112CD
Change component parameters: Designator = "C23" ("C23"); Footprint = "CAP 0201/0603"; UniqueID = "\AZTFCCST" ("\AZTFCCST")
Change component parameters (AddParameter): Name = "ComponentLink1Description"; Value = "Datasheet"; VariantName = "[No Variations]"
Change component parameters (AddParameter): Name = "ComponentLink1URL"; Value = "https://product.tdk.com/info/en/catalog/datasheets/mlcc_commercial_general_en.pdf"; VariantName = "[No Variations]"
Change component parameters (AddParameter): Name = "ComponentLink2Description"; Value = "Digi-Key Listing"; VariantName = "[No Variations]"
Change component parameters (AddParameter): Name = "ComponentLink2URL"; Value = "https://www.digikey.com/product-detail/en/tdk-corporation/C1005X5R0J106M050BC/445-8920-2-ND/3507809"; VariantName = "[No Variations]"
Change component parameters (AddParameter): Name = "Device Package"; Value = "0402 (1005 Metric)"; VariantName = "[No Variations]"
Change component parameters (AddParameter): Name = "Manufacturer"; Value = "TDK Corporation"; VariantName = "[No Variations]"
Change component parameters (AddParameter): Name = "Part Number"; Value = "C1005X5R0J106M050BC"; VariantName = "[No Variations]"
Change component parameters (AddParameter): Name = "PartId"; Value = "12380"; VariantName = "[No Variations]"
Change component parameters (AddParameter): Name = "Price"; Value = "0.119"; VariantName = "[No Variations]"
Change component parameters (AddParameter): Name = "Supplier 1"; Value = "Digi-Key"; VariantName = "[No Variations]"
Change component parameters (AddParameter): Name = "Supplier Part Number 1"; Value = "445-8920-2-ND"; VariantName = "[No Variations]"
Change component parameters (AddParameter): Name = "TemperatureCoefficient"; Value = "X5R"; VariantName = "[No Variations]"
Change component parameters (AddParameter): Name = "TemperatureRange"; Value = "-55C ~ 85C"; VariantName = "[No Variations]"
Change component parameters (AddParameter): Name = "Tolerance"; Value = "20%"; VariantName = "[No Variations]"
Change component parameters (AddParameter): Name = "Value"; Value = "10uF"; VariantName = "[No Variations]"
Change component parameters (AddParameter): Name = "Voltage"; Value = "6.3V"; VariantName = "[No Variations]"
Change component parameters: Designator = "C24" ("C24"); Footprint = "CAP 0402/1005"; UniqueID = "\SLRTVVYM" ("\SLRTVVYM")
Change component parameters (AddParameter): Name = "Supplier 1"; Value = "Digi-Key"; VariantName = "[No Variations]"
Change component parameters (AddParameter): Name = "Supplier Part Number 1"; Value = "1276-6440-1-ND"; VariantName = "[No Variations]"
Change component parameters: Designator = "C25" ("C25"); Footprint = "CL03A105KQ3CSNH"; UniqueID = "\ITMGTOTQ" ("\ITMGTOTQ")
Change component parameters (AddParameter): Name = "ComponentLink1Description"; Value = "Datasheet"; VariantName = "[No Variations]"
Change component parameters (AddParameter): Name = "ComponentLink1URL"; Value = "https://product.tdk.com/info/en/catalog/datasheets/mlcc_commercial_general_en.pdf"; VariantName = "[No Variations]"
Change component parameters (AddParameter): Name = "ComponentLink2Description"; Value = "Digi-Key Listing"; VariantName = "[No Variations]"
Change component parameters (AddParameter): Name = "ComponentLink2URL"; Value = "https://www.digikey.com/product-detail/en/tdk-corporation/C1005X5R0J106M050BC/445-8920-2-ND/3507809"; VariantName = "[No Variations]"
Change component parameters (AddParameter): Name = "Device Package"; Value = "0402 (1005 Metric)"; VariantName = "[No Variations]"
Change component parameters (AddParameter): Name = "Manufacturer"; Value = "TDK Corporation"; VariantName = "[No Variations]"
Change component parameters (AddParameter): Name = "Part Number"; Value = "C1005X5R0J106M050BC"; VariantName = "[No Variations]"
Change component parameters (AddParameter): Name = "PartId"; Value = "12380"; VariantName = "[No Variations]"
Change component parameters (AddParameter): Name = "Price"; Value = "0.119"; VariantName = "[No Variations]"
Change component parameters (AddParameter): Name = "Supplier 1"; Value = "Digi-Key"; VariantName = "[No Variations]"
Change component parameters (AddParameter): Name = "Supplier Part Number 1"; Value = "445-8920-2-ND"; VariantName = "[No Variations]"
Change component parameters (AddParameter): Name = "TemperatureCoefficient"; Value = "X5R"; VariantName = "[No Variations]"
Change component parameters (AddParameter): Name = "TemperatureRange"; Value = "-55C ~ 85C"; VariantName = "[No Variations]"
Change component parameters (AddParameter): Name = "Tolerance"; Value = "20%"; VariantName = "[No Variations]"
Change component parameters (AddParameter): Name = "Value"; Value = "10uF"; VariantName = "[No Variations]"
Change component parameters (AddParameter): Name = "Voltage"; Value = "6.3V"; VariantName = "[No Variations]"
Change component parameters: Component "J3" not found
Change component parameters: Designator = "R1" ("R1"); Footprint = "RES 0201/0603"; UniqueID = "\WMLUKMVW" ("\WMLUKMVW")
Change component parameters (AddParameter): Name = "LatestRevisionDate"; Value = "29-May-2009"; VariantName = "[No Variations]"
Change component parameters (AddParameter): Name = "LatestRevisionNote"; Value = "IPC-7351 Footprint Added."; VariantName = "[No Variations]"
Change component parameters (AddParameter): Name = "PackageDescription"; Value = "Chip Resistor"; VariantName = "[No Variations]"
Change component parameters (AddParameter): Name = "PackageReference"; Value = "J1-0603"; VariantName = "[No Variations]"
Change component parameters (AddParameter): Name = "Published"; Value = "8-Jun-2000"; VariantName = "[No Variations]"
Change component parameters (AddParameter): Name = "Publisher"; Value = "Altium Limited"; VariantName = "[No Variations]"
Change component parameters (AddParameter): Name = "Value"; Value = "480R"; VariantName = "[No Variations]"
Change component parameters: Designator = "R2" ("R2"); Footprint = "RES 0201/0603"; UniqueID = "\EFYEQCLG" ("\EFYEQCLG")
Change component parameters (AddParameter): Name = "LatestRevisionDate"; Value = "29-May-2009"; VariantName = "[No Variations]"
Change component parameters (AddParameter): Name = "LatestRevisionNote"; Value = "IPC-7351 Footprint Added."; VariantName = "[No Variations]"
Change component parameters (AddParameter): Name = "PackageDescription"; Value = "Chip Resistor"; VariantName = "[No Variations]"
Change component parameters (AddParameter): Name = "PackageReference"; Value = "J1-0603"; VariantName = "[No Variations]"
Change component parameters (AddParameter): Name = "Published"; Value = "8-Jun-2000"; VariantName = "[No Variations]"
Change component parameters (AddParameter): Name = "Publisher"; Value = "Altium Limited"; VariantName = "[No Variations]"
Change component parameters (AddParameter): Name = "Value"; Value = "45R"; VariantName = "[No Variations]"
Change component parameters: Designator = "R3" ("R3"); Footprint = "RES 0201/0603"; UniqueID = "\WZENKIUE" ("\WZENKIUE")
Change component parameters (AddParameter): Name = "LatestRevisionDate"; Value = "29-May-2009"; VariantName = "[No Variations]"
Change component parameters (AddParameter): Name = "LatestRevisionNote"; Value = "IPC-7351 Footprint Added."; VariantName = "[No Variations]"
Change component parameters (AddParameter): Name = "PackageDescription"; Value = "Chip Resistor"; VariantName = "[No Variations]"
Change component parameters (AddParameter): Name = "PackageReference"; Value = "J1-0603"; VariantName = "[No Variations]"
Change component parameters (AddParameter): Name = "Published"; Value = "8-Jun-2000"; VariantName = "[No Variations]"
Change component parameters (AddParameter): Name = "Publisher"; Value = "Altium Limited"; VariantName = "[No Variations]"
Change component parameters (AddParameter): Name = "Value"; Value = "480R"; VariantName = "[No Variations]"
Change component parameters: Designator = "R4" ("R4"); Footprint = "RES 0201/0603"; UniqueID = "\ICEAIYBL" ("\ICEAIYBL")
Change component parameters (AddParameter): Name = "Case Code (Imperial)"; Value = "0603"; VariantName = "[No Variations]"
Change component parameters (AddParameter): Name = "Case Code (Metric)"; Value = "1608"; VariantName = "[No Variations]"
Change component parameters (AddParameter): Name = "Case/Package"; Value = "0603"; VariantName = "[No Variations]"
Change component parameters (AddParameter): Name = "Construction"; Value = "Rectangular"; VariantName = "[No Variations]"
Change component parameters (AddParameter): Name = "Depth"; Value = "0.8mm"; VariantName = "[No Variations]"
Change component parameters (AddParameter): Name = "Features"; Value = "Moisture Resistant"; VariantName = "[No Variations]"
Change component parameters (AddParameter): Name = "Height"; Value = "0.45mm"; VariantName = "[No Variations]"
Change component parameters (AddParameter): Name = "Lead Free"; Value = "Lead Free"; VariantName = "[No Variations]"
Change component parameters (AddParameter): Name = "Lead Pitch"; Value = "0.3mm"; VariantName = "[No Variations]"
Change component parameters (AddParameter): Name = "Length"; Value = "1.6mm"; VariantName = "[No Variations]"
Change component parameters (AddParameter): Name = "Max Operating Temperature"; Value = "155°C"; VariantName = "[No Variations]"
Change component parameters (AddParameter): Name = "Max Power Dissipation"; Value = "100mW"; VariantName = "[No Variations]"
Change component parameters (AddParameter): Name = "Military Standard"; Value = "Not"; VariantName = "[No Variations]"
Change component parameters (AddParameter): Name = "Min Operating Temperature"; Value = "-55°C"; VariantName = "[No Variations]"
Change component parameters (AddParameter): Name = "Number of Pins"; Value = "2"; VariantName = "[No Variations]"
Change component parameters (AddParameter): Name = "Number of Terminations"; Value = "2"; VariantName = "[No Variations]"
Change component parameters (AddParameter): Name = "Packaging"; Value = "Tape and Reel"; VariantName = "[No Variations]"
Change component parameters (AddParameter): Name = "Power Rating"; Value = "100mW"; VariantName = "[No Variations]"
Change component parameters (AddParameter): Name = "Resistance"; Value = "10kR"; VariantName = "[No Variations]"
Change component parameters (AddParameter): Name = "Resistance Tolerance"; Value = "1%"; VariantName = "[No Variations]"
Change component parameters (AddParameter): Name = "Resistor Type"; Value = "Thick Film"; VariantName = "[No Variations]"
Change component parameters (AddParameter): Name = "RoHS Compliant"; Value = "Yes"; VariantName = "[No Variations]"
Change component parameters (AddParameter): Name = "Series"; Value = "RC"; VariantName = "[No Variations]"
Change component parameters (AddParameter): Name = "Size Code"; Value = "0603"; VariantName = "[No Variations]"
Change component parameters (AddParameter): Name = "Temperature Coefficient"; Value = "100ppm/°C"; VariantName = "[No Variations]"
Change component parameters (AddParameter): Name = "Termination"; Value = "SMD/SMT"; VariantName = "[No Variations]"
Change component parameters (AddParameter): Name = "Tolerance"; Value = "1%"; VariantName = "[No Variations]"
Change component parameters (AddParameter): Name = "Voltage Rating"; Value = "75V"; VariantName = "[No Variations]"
Change component parameters (AddParameter): Name = "Voltage Rating (DC)"; Value = "50V"; VariantName = "[No Variations]"
Change component parameters (AddParameter): Name = "Weight"; Value = "7.1E-05oz"; VariantName = "[No Variations]"
Change component parameters (AddParameter): Name = "Width"; Value = "0.8mm"; VariantName = "[No Variations]"
Change component parameters: Designator = "R5" ("R5"); Footprint = "RES 0201/0603"; UniqueID = "\TNXSMPPV" ("\TNXSMPPV")
Change component parameters (AddParameter): Name = "ComponentLink1Description"; Value = "Datasheet"; VariantName = "[No Variations]"
Change component parameters (AddParameter): Name = "ComponentLink1URL"; Value = "http://www.yageo.com/documents/recent/PYu-RC_Group_51_RoHS_L_04.pdf"; VariantName = "[No Variations]"
Change component parameters (AddParameter): Name = "ComponentLink2Description"; Value = "Digi-Key Listing"; VariantName = "[No Variations]"
Change component parameters (AddParameter): Name = "ComponentLink2URL"; Value = "https://www.digikey.com/product-detail/en/yageo/RC0201FR-074K7L/311-4.70KMTR-ND/1948894"; VariantName = "[No Variations]"
Change component parameters (AddParameter): Name = "Device Package"; Value = "0201 (0603 Metric)"; VariantName = "[No Variations]"
Change component parameters (AddParameter): Name = "Manufacturer"; Value = "Yageo"; VariantName = "[No Variations]"
Change component parameters (AddParameter): Name = "Part Number"; Value = "RC0201FR-074K7L"; VariantName = "[No Variations]"
Change component parameters (AddParameter): Name = "PartId"; Value = "19526"; VariantName = "[No Variations]"
Change component parameters (AddParameter): Name = "PowerRating"; Value = "0.05W, 1/20W"; VariantName = "[No Variations]"
Change component parameters (AddParameter): Name = "Price"; Value = "0.0056"; VariantName = "[No Variations]"
Change component parameters (AddParameter): Name = "Supplier 1"; Value = "Digi-Key"; VariantName = "[No Variations]"
Change component parameters (AddParameter): Name = "Supplier Part Number 1"; Value = "311-4.70KMTR-ND"; VariantName = "[No Variations]"
Change component parameters (AddParameter): Name = "TemperatureCoefficient"; Value = "200ppm/C"; VariantName = "[No Variations]"
Change component parameters (AddParameter): Name = "TemperatureRange"; Value = "-55C ~ 125C"; VariantName = "[No Variations]"
Change component parameters (AddParameter): Name = "Tolerance"; Value = "1%"; VariantName = "[No Variations]"
Change component parameters (AddParameter): Name = "Value"; Value = "4.7k"; VariantName = "[No Variations]"
Change component parameters: Designator = "R10" ("R10"); Footprint = "RES 0201/0603"; UniqueID = "\WSEUYYBK" ("\WSEUYYBK")
Change component parameters (AddParameter): Name = "ComponentLink1Description"; Value = "Datasheet"; VariantName = "[No Variations]"
Change component parameters (AddParameter): Name = "ComponentLink1URL"; Value = "http://www.yageo.com/documents/recent/PYu-RC_Group_51_RoHS_L_04.pdf"; VariantName = "[No Variations]"
Change component parameters (AddParameter): Name = "ComponentLink2Description"; Value = "Digi-Key Listing"; VariantName = "[No Variations]"
Change component parameters (AddParameter): Name = "ComponentLink2URL"; Value = "https://www.digikey.com/product-detail/en/yageo/RC0201JR-071KL/311-1KNTR-ND/1948922"; VariantName = "[No Variations]"
Change component parameters (AddParameter): Name = "Device Package"; Value = "0201 (0603 Metric)"; VariantName = "[No Variations]"
Change component parameters (AddParameter): Name = "Manufacturer"; Value = "Yageo"; VariantName = "[No Variations]"
Change component parameters (AddParameter): Name = "Part Number"; Value = "RC0201JR-071KL"; VariantName = "[No Variations]"
Change component parameters (AddParameter): Name = "PartId"; Value = "19463"; VariantName = "[No Variations]"
Change component parameters (AddParameter): Name = "PowerRating"; Value = "0.05W, 1/20W"; VariantName = "[No Variations]"
Change component parameters (AddParameter): Name = "Price"; Value = "0.0042"; VariantName = "[No Variations]"
Change component parameters (AddParameter): Name = "Supplier 1"; Value = "Digi-Key"; VariantName = "[No Variations]"
Change component parameters (AddParameter): Name = "Supplier Part Number 1"; Value = "311-1KNTR-ND"; VariantName = "[No Variations]"
Change component parameters (AddParameter): Name = "TemperatureCoefficient"; Value = "200ppm/C"; VariantName = "[No Variations]"
Change component parameters (AddParameter): Name = "TemperatureRange"; Value = "-55C ~ 125C"; VariantName = "[No Variations]"
Change component parameters (AddParameter): Name = "Tolerance"; Value = "5%"; VariantName = "[No Variations]"
Change component parameters (AddParameter): Name = "Value"; Value = "1k"; VariantName = "[No Variations]"
Change component parameters: Designator = "R11" ("R11"); Footprint = "RES 0201/0603"; UniqueID = "\NWWGSQET" ("\NWWGSQET")
Change component parameters (AddParameter): Name = "Case Code (Imperial)"; Value = "0603"; VariantName = "[No Variations]"
Change component parameters (AddParameter): Name = "Case Code (Metric)"; Value = "1608"; VariantName = "[No Variations]"
Change component parameters (AddParameter): Name = "Case/Package"; Value = "0603"; VariantName = "[No Variations]"
Change component parameters (AddParameter): Name = "Construction"; Value = "Rectangular"; VariantName = "[No Variations]"
Change component parameters (AddParameter): Name = "Depth"; Value = "0.8mm"; VariantName = "[No Variations]"
Change component parameters (AddParameter): Name = "Features"; Value = "Moisture Resistant"; VariantName = "[No Variations]"
Change component parameters (AddParameter): Name = "Height"; Value = "0.45mm"; VariantName = "[No Variations]"
Change component parameters (AddParameter): Name = "Lead Free"; Value = "Lead Free"; VariantName = "[No Variations]"
Change component parameters (AddParameter): Name = "Lead Pitch"; Value = "0.3mm"; VariantName = "[No Variations]"
Change component parameters (AddParameter): Name = "Length"; Value = "1.6mm"; VariantName = "[No Variations]"
Change component parameters (AddParameter): Name = "Max Operating Temperature"; Value = "155°C"; VariantName = "[No Variations]"
Change component parameters (AddParameter): Name = "Max Power Dissipation"; Value = "100mW"; VariantName = "[No Variations]"
Change component parameters (AddParameter): Name = "Military Standard"; Value = "Not"; VariantName = "[No Variations]"
Change component parameters (AddParameter): Name = "Min Operating Temperature"; Value = "-55°C"; VariantName = "[No Variations]"
Change component parameters (AddParameter): Name = "Number of Pins"; Value = "2"; VariantName = "[No Variations]"
Change component parameters (AddParameter): Name = "Number of Terminations"; Value = "2"; VariantName = "[No Variations]"
Change component parameters (AddParameter): Name = "Packaging"; Value = "Tape and Reel"; VariantName = "[No Variations]"
Change component parameters (AddParameter): Name = "Power Rating"; Value = "100mW"; VariantName = "[No Variations]"
Change component parameters (AddParameter): Name = "Resistance"; Value = "10kR"; VariantName = "[No Variations]"
Change component parameters (AddParameter): Name = "Resistance Tolerance"; Value = "1%"; VariantName = "[No Variations]"
Change component parameters (AddParameter): Name = "Resistor Type"; Value = "Thick Film"; VariantName = "[No Variations]"
Change component parameters (AddParameter): Name = "RoHS Compliant"; Value = "Yes"; VariantName = "[No Variations]"
Change component parameters (AddParameter): Name = "Series"; Value = "RC"; VariantName = "[No Variations]"
Change component parameters (AddParameter): Name = "Size Code"; Value = "0603"; VariantName = "[No Variations]"
Change component parameters (AddParameter): Name = "Temperature Coefficient"; Value = "100ppm/°C"; VariantName = "[No Variations]"
Change component parameters (AddParameter): Name = "Termination"; Value = "SMD/SMT"; VariantName = "[No Variations]"
Change component parameters (AddParameter): Name = "Tolerance"; Value = "1%"; VariantName = "[No Variations]"
Change component parameters (AddParameter): Name = "Voltage Rating"; Value = "75V"; VariantName = "[No Variations]"
Change component parameters (AddParameter): Name = "Voltage Rating (DC)"; Value = "50V"; VariantName = "[No Variations]"
Change component parameters (AddParameter): Name = "Weight"; Value = "7.1E-05oz"; VariantName = "[No Variations]"
Change component parameters (AddParameter): Name = "Width"; Value = "0.8mm"; VariantName = "[No Variations]"
Change component parameters: Designator = "U1" ("U1"); Footprint = "BGA36_WLCS_25X25_MACHXO3"; UniqueID = "\ZGCHSJBF" ("\ZGCHSJBF")
Change component parameters (AddParameter): Name = "Supplier 1"; Value = "Digi-Key"; VariantName = "[No Variations]"
Change component parameters (AddParameter): Name = "Supplier Part Number 1"; Value = "220-ICE40LP1K-CM36A-ND"; VariantName = "[No Variations]"
Change component parameters: Designator = "U2" ("U2"); Footprint = "QFN40_LFCSP_WQ_6mmx6mm"; UniqueID = "\EMKNHYPP" ("\EMKNHYPP")
Change component parameters (AddParameter): Name = "Supplier 1"; Value = "Arrow Electronics"; VariantName = "[No Variations]"
Change component parameters (AddParameter): Name = "Supplier 2"; Value = "RSComponents"; VariantName = "[No Variations]"
Change component parameters (AddParameter): Name = "Supplier Part Number 1"; Value = "ADAU1772BCPZ"; VariantName = "[No Variations]"
Change component parameters (AddParameter): Name = "Supplier Part Number 2"; Value = "8071681"; VariantName = "[No Variations]"
Change component parameters: Component "U3" not found
Add Component: Footprint Not Found CAP 0201/0603
Add Component: Footprint Not Found CAP 0201/0603
Added Component: Designator=C26(CL03A105KQ3CSNH)
Add component (AddParameter): Name = "Supplier 1"; Value = "Digi-Key"; VariantName = "[No Variations]"
Add component (AddParameter): Name = "Supplier Part Number 1"; Value = "1276-6440-1-ND"; VariantName = "[No Variations]"
Added Component: Designator=D1(FP-SML-P11MTT86-MFG)
Add component (AddParameter): Name = "Case Code (Imperial)"; Value = "0402"; VariantName = "[No Variations]"
Add component (AddParameter): Name = "Case Code (Metric)"; Value = "1005"; VariantName = "[No Variations]"
Add component (AddParameter): Name = "Case/Package"; Value = "0402"; VariantName = "[No Variations]"
Add component (AddParameter): Name = "Color"; Value = "Green"; VariantName = "[No Variations]"
Add component (AddParameter): Name = "Dominant Wavelength"; Value = "569nm"; VariantName = "[No Variations]"
Add component (AddParameter): Name = "Forward Current"; Value = "20mA"; VariantName = "[No Variations]"
Add component (AddParameter): Name = "Forward Voltage"; Value = "1.9V"; VariantName = "[No Variations]"
Add component (AddParameter): Name = "Height"; Value = "0.25mm"; VariantName = "[No Variations]"
Add component (AddParameter): Name = "Illumination Color"; Value = "Green"; VariantName = "[No Variations]"
Add component (AddParameter): Name = "Lead Free"; Value = "Lead Free"; VariantName = "[No Variations]"
Add component (AddParameter): Name = "Length"; Value = "1mm"; VariantName = "[No Variations]"
Add component (AddParameter): Name = "Lens Color"; Value = "Colorless"; VariantName = "[No Variations]"
Add component (AddParameter): Name = "Lens Style"; Value = "Diffused"; VariantName = "[No Variations]"
Add component (AddParameter): Name = "Lens Transparency"; Value = "Clear"; VariantName = "[No Variations]"
Add component (AddParameter): Name = "Luminous Intensity"; Value = "2.1mcd"; VariantName = "[No Variations]"
Add component (AddParameter): Name = "Max Operating Temperature"; Value = "85°C"; VariantName = "[No Variations]"
Add component (AddParameter): Name = "Min Operating Temperature"; Value = "-40°C"; VariantName = "[No Variations]"
Add component (AddParameter): Name = "Mount"; Value = "Surface Mount"; VariantName = "[No Variations]"
Add component (AddParameter): Name = "Number of LEDs"; Value = "1"; VariantName = "[No Variations]"
Add component (AddParameter): Name = "Number of Pins"; Value = "2"; VariantName = "[No Variations]"
Add component (AddParameter): Name = "Package Quantity"; Value = "1"; VariantName = "[No Variations]"
Add component (AddParameter): Name = "Packaging"; Value = "Tape and Reel"; VariantName = "[No Variations]"
Add component (AddParameter): Name = "Power Rating"; Value = "54mW"; VariantName = "[No Variations]"
Add component (AddParameter): Name = "Radiation Hardening"; Value = "No"; VariantName = "[No Variations]"
Add component (AddParameter): Name = "REACH SVHC"; Value = "No SVHC"; VariantName = "[No Variations]"
Add component (AddParameter): Name = "RoHS Compliant"; Value = "Yes"; VariantName = "[No Variations]"
Add component (AddParameter): Name = "Series"; Value = "PicoLED™"; VariantName = "[No Variations]"
Add component (AddParameter): Name = "Test Current"; Value = "1mA"; VariantName = "[No Variations]"
Add component (AddParameter): Name = "Viewing Angle"; Value = "150°"; VariantName = "[No Variations]"
Add component (AddParameter): Name = "Wavelength"; Value = "569nm"; VariantName = "[No Variations]"
Add component (AddParameter): Name = "Width"; Value = "0.6mm"; VariantName = "[No Variations]"
Add Component: Footprint Not Found RES 0201/0603
Add Component: Footprint Not Found RES 0201/0603
Added Component: Designator=R15(RESC1005X40X25NL05T10)
Add component (AddParameter): Name = "Manufacturer"; Value = "Yageo / Phycomp"; VariantName = "[No Variations]"
Add component (AddParameter): Name = "Part Number"; Value = "RC0402FR-071K4L"; VariantName = "[No Variations]"
Add Component: Footprint Not Found TP_SMD_DJB
Add Component: Footprint Not Found TP_SMD_DJB
Add Component: Footprint Not Found LGA14R50P5X4_300X250X83
Added Pin To Net: NetName=+3V3_D Pin=C4-2
Added Pin To Net: NetName=GND Pin=C7-1
Added Pin To Net: NetName=+3V3_D Pin=C7-2
Add Pin To Net: Unknown Pin: Pin C15-1
Add Pin To Net: Unknown Pin: Pin C15-2
Add Pin To Net: Unknown Pin: Pin C21-1
Add Pin To Net: Unknown Pin: Pin C21-2
Added Pin To Net: NetName=+1V8 Pin=C23-2
Added Pin To Net: NetName=MIC3 Pin=C24-2
Added Pin To Net: NetName=GND Pin=C25-1
Added Pin To Net: NetName=+1V8 Pin=C25-2
Added Pin To Net: NetName=MIC2 Pin=C26-2
Added Pin To Net: NetName=GND Pin=D1-1
Added Pin To Net: NetName=GND Pin=J2-1
Added Pin To Net: NetName=GND Pin=J2-3
Add Pin To Net: Unknown Pin: Pin J3-5
Added Pin To Net: NetName=LVDS_P Pin=R2-1
Added Pin To Net: NetName=LVDS_N Pin=R2-2
Added Pin To Net: NetName=GND Pin=R3-1
Added Pin To Net: NetName=LVDS_P Pin=R3-2
Added Pin To Net: NetName=+3V3_D Pin=R4-1
Added Pin To Net: NetName=+3V3_D Pin=R5-2
Add Pin To Net: Unknown Pin: Pin R9-1
Added Pin To Net: NetName=+1V8 Pin=R10-2
Added Pin To Net: NetName=GND Pin=R11-2
Add Pin To Net: Unknown Pin: Pin R13-2
Added Pin To Net: NetName=+3V3_D Pin=R15-2
Added Pin To Net: NetName=+3V7 Pin=TP3-1
Added Pin To Net: NetName=+3V7 Pin=TP4-1
Add Pin To Net: Unknown Pin: Pin TP9-1
Add Pin To Net: Unknown Pin: Pin TP10-1
Added Pin To Net: NetName=BCLK Pin=U1-A1
Added Pin To Net: NetName=DSPK Pin=U1-A2
Added Pin To Net: NetName=DMIC Pin=U1-A3
Added Pin To Net: NetName=+3V3_D Pin=U1-A4
Added Pin To Net: NetName=+3V3_D Pin=U1-A5
Added Pin To Net: NetName=+3V3_D Pin=U1-A6
Added Pin To Net: NetName=LRCLK Pin=U1-B1
Added Pin To Net: NetName=+1V2_D Pin=U1-B2
Added Pin To Net: NetName=MOSI Pin=U1-B3
Added Pin To Net: NetName=CS_I Pin=U1-B4
Added Pin To Net: NetName=CCLK Pin=U1-B6
Added Pin To Net: NetName=MISO Pin=U1-C6
Added Pin To Net: NetName=GND Pin=U1-D2
Added Pin To Net: NetName=GND Pin=U1-D3
Added Pin To Net: NetName=GND Pin=U1-D4
Added Pin To Net: NetName=SCLK Pin=U1-D6
Added Pin To Net: NetName=CS_C Pin=U1-E6
Added Pin To Net: NetName=+3V3_D Pin=U1-F1
Add Pin To Net: Unknown Pin: Pin U3-5
Add Pin To Net: Unknown Pin: Pin U3-6
Add Pin To Net: Unknown Pin: Pin U3-7
Add Pin To Net: Unknown Pin: Pin U7-1
Add Pin To Net: Unknown Pin: Pin U7-5
Add Pin To Net: Unknown Pin: Pin U7-6
Add Pin To Net: Unknown Pin: Pin U7-7
Add Pin To Net: Unknown Pin: Pin U7-8
Add Pin To Net: Unknown Pin: Pin U7-12
Add Pin To Net: Unknown Pin: Pin U7-13
Add Pin To Net: Unknown Pin: Pin U7-14
Change Net Name : Old Net Name=+3V3_D New Net Name=V_B1
Change Net Name : Old Net Name=NetC15_1 New Net Name=NetC13_1
Change Net Name : Old Net Name=NetC16_1 New Net Name=NetC14_1
Change Net Name : Old Net Name=NetC17_1 New Net Name=NetC16_1
Change Net Name : Old Net Name=NetC18_1 New Net Name=NetC17_1
Change Net Name : Old Net Name=NetC19_2 New Net Name=NetC20_2
Change Net Name : Old Net Name=NetC20_1 New Net Name=NetC18_1
Change Net Name : Old Net Name=NetC34_2 New Net Name=NetC31_2
Change Net Name : Old Net Name=NetC35_2 New Net Name=NetC32_2
Added Pin To Net: NetName=CDONE Pin=TP1-1
Added Pin To Net: NetName=CDONE Pin=U1-C4
Added Net: Name=CDONE
Added Pin To Net: NetName=CRESET_B Pin=R4-2
Added Pin To Net: NetName=CRESET_B Pin=TP2-1
Added Pin To Net: NetName=CRESET_B Pin=U1-F4
Added Net: Name=CRESET_B
Added Pin To Net: NetName=mic_port_a Pin=C24-1
Added Pin To Net: NetName=mic_port_a Pin=R10-1
Added Net: Name=mic_port_a
Added Pin To Net: NetName=mic_port_b Pin=C26-1
Added Net: Name=mic_port_b
Added Pin To Net: NetName=NetD1_2 Pin=D1-2
Added Pin To Net: NetName=NetD1_2 Pin=R15-1
Added Net: Name=NetD1_2
Added Pin To Net: NetName=NetU1_D1 Pin=U1-D1
Added Net: Name=NetU1_D1
Added Pin To Net: NetName=NetU1_E1 Pin=U1-E1
Added Net: Name=NetU1_E1
Added Pin To Net: NetName=NetU1_F2 Pin=U1-F2
Added Net: Name=NetU1_F2
Added Pin To Net: NetName=NetU1_F3 Pin=U1-F3
Added Net: Name=NetU1_F3
Added Pin To Net: NetName=SCK Pin=TP8-1
Added Pin To Net: NetName=SCK Pin=U1-E5
Added Net: Name=SCK
Added Pin To Net: NetName=SDI Pin=TP6-1
Added Pin To Net: NetName=SDI Pin=U1-F5
Added Net: Name=SDI
Added Pin To Net: NetName=SDO Pin=TP5-1
Added Pin To Net: NetName=SDO Pin=U1-E4
Added Net: Name=SDO
Added Pin To Net: NetName=SS Pin=R11-1
Added Pin To Net: NetName=SS Pin=TP7-1
Added Pin To Net: NetName=SS Pin=U1-D5
Added Net: Name=SS
Change Class Name : Old Net Name=rigidPCB New Net Name=rigidPCB_rev
Added Class: Name=rigidPCB2_rev
Added Member To Class: ClassName=rigidPCB_rev Member=Component C36 1uF
Added Member To Class: ClassName=rigidPCB_rev Member=Component D1 SML-P11MTT86
Added Member To Class: ClassName=rigidPCB_rev Member=Component R16 1k
Added Room: Name=rigidPCB2_rev
Added Room: Name=rigidPCB_rev
