Removed Pin From Net: NetName=GND Pin=C4-1
Removed Pin From Net: NetName=MIC1 Pin=C5-2
Removed Pin From Net: NetName=MIC2 Pin=C6-2
Removed Pin From Net: NetName=MIC4 Pin=C8-2
Removed Pin From Net: NetName=MIC3 Pin=C9-1
Removed Pin From Net: NetName=GND Pin=MK4-1
Removed Pin From Net: NetName=GND Pin=MK4-2
Removed Pin From Net: NetName=MIC4 Pin=MK4-4
Removed Pin From Net: NetName=GND Pin=MK4-5
Removed Pin From Net: NetName=+1V8 Pin=R3-2
Removed Member From Class: ClassName=rigidPCB Member=C36
Removed Member From Class: ClassName=rigidPCB Member=C37
Removed Member From Class: ClassName=rigidPCB Member=C39
Removed Member From Class: ClassName=rigidPCB Member=C40
Removed Member From Class: ClassName=rigidPCB Member=J4
Removed Member From Class: ClassName=rigidPCB Member=MK4
Removed Member From Class: ClassName=rigidPCB Member=R16
Change Component Designator: OldDesignator=C3 NewDesignator=C24
Change Component Designator: OldDesignator=C10 NewDesignator=C27
Change Component Designator: OldDesignator=C11 NewDesignator=C22
Change Component Designator: OldDesignator=C12 NewDesignator=C23
Change Component Designator: OldDesignator=C13 NewDesignator=C32
Change Component Designator: OldDesignator=C14 NewDesignator=C33
Change Component Designator: OldDesignator=C15 NewDesignator=C34
Change Component Designator: OldDesignator=C16 NewDesignator=C26
Change Component Designator: OldDesignator=C17 NewDesignator=C28
Change Component Designator: OldDesignator=C18 NewDesignator=C9
Change Component Designator: OldDesignator=C19 NewDesignator=C1
Change Component Designator: OldDesignator=C20 NewDesignator=C2
Change Component Designator: OldDesignator=C21 NewDesignator=C10
Change Component Designator: OldDesignator=C22 NewDesignator=C5
Change Component Designator: OldDesignator=C23 NewDesignator=C6
Change Component Designator: OldDesignator=C24 NewDesignator=C11
Change Component Designator: OldDesignator=C25 NewDesignator=C29
Change Component Designator: OldDesignator=C26 NewDesignator=C12
Change Component Designator: OldDesignator=C27 NewDesignator=C19
Change Component Designator: OldDesignator=C28 NewDesignator=C20
Change Component Designator: OldDesignator=C29 NewDesignator=C15
Change Component Designator: OldDesignator=C30 NewDesignator=C16
Change Component Designator: OldDesignator=C31 NewDesignator=C17
Change Component Designator: OldDesignator=C32 NewDesignator=C18
Change Component Designator: OldDesignator=C33 NewDesignator=C21
Change Component Designator: OldDesignator=C34 NewDesignator=C31
Change Component Designator: OldDesignator=C35 NewDesignator=C4
Change Component Designator: OldDesignator=C36 NewDesignator=C3
Change Component Designator: OldDesignator=C37 NewDesignator=C8
Change Component Designator: OldDesignator=C38 NewDesignator=C7
Change Component Designator: OldDesignator=C39 NewDesignator=C14
Change Component Designator: OldDesignator=C40 NewDesignator=C13
Change Component Designator: OldDesignator=J1 NewDesignator=J3
Change Component Designator: OldDesignator=J4 NewDesignator=J1
Change Component Designator: OldDesignator=R1 NewDesignator=R13
Change Component Designator: OldDesignator=R2 NewDesignator=R11
Change Component Designator: OldDesignator=R4 NewDesignator=R15
Change Component Designator: OldDesignator=R5 NewDesignator=R9
Change Component Designator: OldDesignator=R6 NewDesignator=R14
Change Component Designator: OldDesignator=R7 NewDesignator=R1
Change Component Designator: OldDesignator=R8 NewDesignator=R2
Change Component Designator: OldDesignator=R9 NewDesignator=R3
Change Component Designator: OldDesignator=R10 NewDesignator=R4
Change Component Designator: OldDesignator=R11 NewDesignator=R5
Change Component Designator: OldDesignator=R12 NewDesignator=R6
Change Component Designator: OldDesignator=R13 NewDesignator=R7
Change Component Designator: OldDesignator=R14 NewDesignator=R8
Change Component Designator: OldDesignator=R15 NewDesignator=R10
Change Component Designator: OldDesignator=R16 NewDesignator=R12
Change Component Designator: OldDesignator=TP1 NewDesignator=TP2
Change Component Designator: OldDesignator=TP2 NewDesignator=TP3
Change Component Designator: OldDesignator=TP3 NewDesignator=TP4
Change Component Designator: OldDesignator=TP4 NewDesignator=TP5
Change Component Designator: OldDesignator=TP5 NewDesignator=TP6
Change Component Designator: OldDesignator=TP6 NewDesignator=TP7
Change Component Designator: OldDesignator=TP7 NewDesignator=TP1
Change Component Designator: OldDesignator=U1 NewDesignator=U5
Change Component Designator: OldDesignator=U2 NewDesignator=U6
Change Component Designator: OldDesignator=U3 NewDesignator=U2
Change Component Designator: OldDesignator=U4 NewDesignator=U3
Change Component Designator: OldDesignator=U5 NewDesignator=U1
Change Component Designator: OldDesignator=U6 NewDesignator=U4
Added Component: Designator=C25(CL03A105KQ3CSNH)
Add component (AddParameter): Name = "Supplier 1"; Value = "Digi-Key"; VariantName = "[No Variations]"
Add component (AddParameter): Name = "Supplier Part Number 1"; Value = "1276-6440-1-ND"; VariantName = "[No Variations]"
Added Component: Designator=C30(FP-GRM033-0_03-IPC_B)
Add component (AddParameter): Name = "Capacitance"; Value = "1.5uF"; VariantName = "[No Variations]"
Add component (AddParameter): Name = "Case Code (Imperial)"; Value = "0201"; VariantName = "[No Variations]"
Add component (AddParameter): Name = "Case Code (Metric)"; Value = "0603"; VariantName = "[No Variations]"
Add component (AddParameter): Name = "Case/Package"; Value = "0201"; VariantName = "[No Variations]"
Add component (AddParameter): Name = "Dielectric"; Value = "X5R"; VariantName = "[No Variations]"
Add component (AddParameter): Name = "Length"; Value = "0.024inch"; VariantName = "[No Variations]"
Add component (AddParameter): Name = "Max Operating Temperature"; Value = "85°C"; VariantName = "[No Variations]"
Add component (AddParameter): Name = "Min Operating Temperature"; Value = "-55°C"; VariantName = "[No Variations]"
Add component (AddParameter): Name = "Mount"; Value = "Surface Mount"; VariantName = "[No Variations]"
Add component (AddParameter): Name = "Packaging"; Value = "Tape and Reel"; VariantName = "[No Variations]"
Add component (AddParameter): Name = "Thickness"; Value = "0.013inch"; VariantName = "[No Variations]"
Add component (AddParameter): Name = "Tolerance"; Value = "20%"; VariantName = "[No Variations]"
Add component (AddParameter): Name = "Voltage Rating"; Value = "6.3V"; VariantName = "[No Variations]"
Add component (AddParameter): Name = "Voltage Rating (DC)"; Value = "6.3V"; VariantName = "[No Variations]"
Add component (AddParameter): Name = "Width"; Value = "0.012inch"; VariantName = "[No Variations]"
Added Component: Designator=C35(CAPC0603X33X15ML03T05)
Add component (AddParameter): Name = "Manufacturer"; Value = "Samsung"; VariantName = "[No Variations]"
Add component (AddParameter): Name = "Part Number"; Value = "CL03A104KQ3NNNC"; VariantName = "[No Variations]"
Added Component: Designator=MK1(VA1200AA)
Added Pin To Net: NetName=+1V8 Pin=C24-2
Added Pin To Net: NetName=MIC3 Pin=C25-2
Added Pin To Net: NetName=MIC4 Pin=C30-1
Added Pin To Net: NetName=GND Pin=C35-1
Added Pin To Net: NetName=GND Pin=MK1-2
Added Pin To Net: NetName=GND Pin=MK1-3
Added Pin To Net: NetName=GND Pin=MK1-4
Added Pin To Net: NetName=GND Pin=MK1-5
Added Pin To Net: NetName=GND Pin=MK1-6
Added Pin To Net: NetName=GND Pin=MK1-7
Added Pin To Net: NetName=GND Pin=MK1-8
Added Pin To Net: NetName=GND Pin=MK1-9
Added Pin To Net: NetName=GND Pin=MK1-10
Added Pin To Net: NetName=GND Pin=MK1-11
Added Pin To Net: NetName=+1V8 Pin=R12-2
Added Pin To Net: NetName=MIC1 Pin=U2-9
Added Pin To Net: NetName=MIC2 Pin=U2-14
Added Pin To Net: NetName=MIC4 Pin=U2-18
Change Net Name : Old Net Name=NetC15_2 New Net Name=NetC34_2
Change Net Name : Old Net Name=NetC20_2 New Net Name=NetC2_2
Change Net Name : Old Net Name=NetC27_2 New Net Name=NetC19_2
Change Net Name : Old Net Name=NetC28_1 New Net Name=NetC20_1
Change Net Name : Old Net Name=NetC29_1 New Net Name=NetC15_1
Change Net Name : Old Net Name=NetC30_1 New Net Name=NetC16_1
Change Net Name : Old Net Name=NetC31_1 New Net Name=NetC17_1
Change Net Name : Old Net Name=NetC32_1 New Net Name=NetC18_1
Added Pin To Net: NetName=NetC25_1 Pin=C25-1
Added Pin To Net: NetName=NetC25_1 Pin=J3-3
Added Pin To Net: NetName=NetC25_1 Pin=R12-1
Added Net: Name=NetC25_1
Added Pin To Net: NetName=NetC30_2 Pin=C30-2
Added Pin To Net: NetName=NetC30_2 Pin=MK1-1
Added Net: Name=NetC30_2
Added Pin To Net: NetName=NetC35_2 Pin=C35-2
Added Pin To Net: NetName=NetC35_2 Pin=MK1-12
Added Pin To Net: NetName=NetC35_2 Pin=R15-2
Added Net: Name=NetC35_2
Added Member To Class: ClassName=rigidPCB Member=Component C27 1uF
Added Member To Class: ClassName=rigidPCB Member=Component C28 1uF
Added Member To Class: ClassName=rigidPCB Member=Component J3 M22-6550242R
Added Member To Class: ClassName=rigidPCB Member=Component MK1 VA1200AA
