Removed Pin From Net: NetName=+5V Pin=P3-1
Removed Pin From Net: NetName=SDI Pin=P4-1
Removed Pin From Net: NetName=SS Pin=P5-1
Removed Pin From Net: NetName=SCK Pin=P6-1
Removed Pin From Net: NetName=CDONE Pin=P7-1
Removed Pin From Net: NetName=CRESET_B Pin=P8-1
Removed Pin From Net: NetName=GND Pin=P9-1
Change Footprint: Footprint Not Found SMITHS_S-00-U-1.3-G_MID
Change Footprint: Footprint Not Found SMITHS_S-00-U-1.3-G_MID
Change Component Comment : Designator=H1 Old Comment=4-40 / 0.25" spacer New Comment=SCREW_4-40_1/4-SPACER
Change Component Comment : Designator=H17 Old Comment=4-40 / 0.25" spacer New Comment=SCREW_4-40_1/4-SPACER
Change Component Comment : Designator=H6 Old Comment=4-40 / 0.25" spacer New Comment=SMITHS_S-00-U-1.3-G_MID
Change Component Comment : Designator=H12 Old Comment=4-40 / 0.25" spacer New Comment=SMITHS_S-00-U-1.3-G_MID
Added Component: Designator=H2(SPACER_HOLE_4-40)
Add Component: Footprint Not Found SMITHS_S-00-U-1.3-G_MID
Add Component: Footprint Not Found SMITHS_S-00-U-1.3-G_MID
Add Component: Footprint Not Found SMITHS_S-00-U-1.3-G_MID
Add Component: Footprint Not Found SMITHS_S-00-U-1.3-G_MID
Add Component: Footprint Not Found SMITHS_S-00-U-1.3-G_MID
Add Component: Footprint Not Found SMITHS_S-00-U-1.3-G_MID
Added Component: Designator=H10(SCREW_4-40_1/4-SPACER)
Added Component: Designator=H11(SPACER_HOLE_4-40)
Add Component: Footprint Not Found SMITHS_S-00-U-1.3-G_MID
Add Component: Footprint Not Found SMITHS_S-00-U-1.3-G_MID
Added Component: Designator=H15(SCREW_4-40_1/4-SPACER)
Added Component: Designator=H16(SPACER_HOLE_4-40)
Added Component: Designator=H18(SPACER_HOLE_4-40)
Add Component: Footprint Not Found 6-pos_header
Add Pin To Net: Unknown Pin: Pin J3-1
Add Pin To Net: Unknown Pin: Pin J3-2
Add Pin To Net: Unknown Pin: Pin J3-3
Add Pin To Net: Unknown Pin: Pin J3-4
Add Pin To Net: Unknown Pin: Pin J3-5
Add Pin To Net: Unknown Pin: Pin J3-6
Add Pin To Net: Unknown Pin: Pin J3-7
Added Pin To Net: NetName=SDI Pin=P3-1
Added Pin To Net: NetName=SS Pin=P4-1
Added Pin To Net: NetName=SCK Pin=P5-1
Added Pin To Net: NetName=CDONE Pin=P6-1
Added Pin To Net: NetName=CRESET_B Pin=P7-1
Added Pin To Net: NetName=GND Pin=P8-1
Added Pin To Net: NetName=+5V Pin=P9-1
Added Member To Class: ClassName=djb_v2_jig Member=Component H2 Spacer_hole_4-40
Add Class Member: Failed to add class member : Component H3 SMITHS_S-00-U-1.3-G_MID
Add Class Member: Failed to add class member : Component H4 SMITHS_S-00-U-1.3-G_MID
Add Class Member: Failed to add class member : Component H5 SMITHS_S-00-U-1.3-G_MID
Add Class Member: Failed to add class member : Component H7 SMITHS_S-00-U-1.3-G_MID
Add Class Member: Failed to add class member : Component H8 SMITHS_S-00-U-1.3-G_MID
Add Class Member: Failed to add class member : Component H9 SMITHS_S-00-U-1.3-G_MID
Added Member To Class: ClassName=djb_v2_jig Member=Component H10 SCREW_4-40_1/4-SPACER
Added Member To Class: ClassName=djb_v2_jig Member=Component H11 Spacer_hole_4-40
Added Member To Class: ClassName=djb_v2_jig Member=Component H12 SMITHS_S-00-U-1.3-G_MID
Add Class Member: Failed to add class member : Component H13 SMITHS_S-00-U-1.3-G_MID
Add Class Member: Failed to add class member : Component H14 SMITHS_S-00-U-1.3-G_MID
Added Member To Class: ClassName=djb_v2_jig Member=Component H15 SCREW_4-40_1/4-SPACER
Added Member To Class: ClassName=djb_v2_jig Member=Component H16 Spacer_hole_4-40
Added Member To Class: ClassName=djb_v2_jig Member=Component H18 Spacer_hole_4-40
Added Member To Class: ClassName=djb_v2_jig Member=Component J2 HDR_2
Add Class Member: Failed to add class member : Component J3 prog_connect
Added Member To Class: ClassName=djb_v2_jig Member=Component J4 FFC
Added Member To Class: ClassName=djb_v2_jig Member=Component P4 SMITHS_S-00-U-1.3-G_TH
Added Member To Class: ClassName=djb_v2_jig Member=Component P5 SMITHS_S-00-U-1.3-G_TH
Added Member To Class: ClassName=djb_v2_jig Member=Component P9 SMITHS_S-00-U-1.3-G_TH
Added Member To Class: ClassName=djb_v2_jig Member=Component P10 SMITHS_S-00-U-1.3-G_TH
