Change Component Designator: Old Designator=H1 New Designator=H3
Change Component Designator: Old Designator=H2 New Designator=H8
Change Component Designator: Old Designator=H3 New Designator=H9
Change Component Designator: Old Designator=H4 New Designator=H10
Change Component Designator: Old Designator=H5 New Designator=H11
Change Component Designator: Old Designator=H6 New Designator=H14
Change Component Designator: Old Designator=H7 New Designator=H4
Change Component Designator: Old Designator=H8 New Designator=H15
Change Component Designator: Old Designator=H9 New Designator=H5
Change Component Designator: Old Designator=H10 New Designator=H16
Change Component Designator: Old Designator=H11 New Designator=H1
Change Component Designator: Old Designator=H12 New Designator=H6
Change Component Designator: Old Designator=H13 New Designator=H12
Change Component Designator: Old Designator=H14 New Designator=H17
Change Component Designator: Old Designator=H15 New Designator=H2
Change Component Designator: Old Designator=H16 New Designator=H7
Change Component Designator: Old Designator=H17 New Designator=H13
Change Component Designator: Old Designator=J1 New Designator=J4
Change Component Designator: Old Designator=J3 New Designator=J1
Change Component Designator: Old Designator=J4 New Designator=J2
Change Component Designator: Old Designator=J? New Designator=J3
Change Component Designator: Old Designator=P3 New Designator=P4
Change Component Designator: Old Designator=P4 New Designator=P5
Change Component Designator: Old Designator=P5 New Designator=P6
Change Component Designator: Old Designator=P6 New Designator=P10
Change Component Designator: Old Designator=P7 New Designator=P3
Change Component Designator: Old Designator=P8 New Designator=P9
Change Component Designator: Old Designator=P9 New Designator=P7
Change Component Designator: Old Designator=P10 New Designator=P8
Change Component Designator: Old Designator=R? New Designator=R1
