Added Component: Designator=C1(FP-GRM15-0_1-MFG)
Add component (AddParameter): Name = "Automotive"; Value = "No"; VariantName = "[No Variations]"
Add component (AddParameter): Name = "Capacitance"; Value = "1uF"; VariantName = "[No Variations]"
Add component (AddParameter): Name = "Category"; Value = "Cap"; VariantName = "[No Variations]"
Add component (AddParameter): Name = "ComponentLink2Description"; Value = "Datasheet"; VariantName = "[No Variations]"
Add component (AddParameter): Name = "ComponentLink2URL"; Value = "https://search.murata.co.jp/Ceramy/image/img/A01X/G101/ENG/GRM155R61A105KE15-01A.pdf"; VariantName = "[No Variations]"
Add component (AddParameter): Name = "Device Class L1"; Value = "Passive Components"; VariantName = "[No Variations]"
Add component (AddParameter): Name = "Device Class L2"; Value = "Capacitors"; VariantName = "[No Variations]"
Add component (AddParameter): Name = "Device Class L3"; Value = "Ceramic Capacitors"; VariantName = "[No Variations]"
Add component (AddParameter): Name = "Digikey Description"; Value = "CAP CER 1UF 10V X5R 0402"; VariantName = "[No Variations]"
Add component (AddParameter): Name = "Height"; Value = "0.55mm"; VariantName = "[No Variations]"
Add component (AddParameter): Name = "Ipc Land Pattern Name"; Value = "CAPC10050X50"; VariantName = "[No Variations]"
Add component (AddParameter): Name = "Lead Free"; Value = "Yes"; VariantName = "[No Variations]"
Add component (AddParameter): Name = "Manufacturer"; Value = "Murata"; VariantName = "[No Variations]"
Add component (AddParameter): Name = "Manufacturer Part Number"; Value = "GRM155R61A105KE15D"; VariantName = "[No Variations]"
Add component (AddParameter): Name = "Material"; Value = "Ceramic"; VariantName = "[No Variations]"
Add component (AddParameter): Name = "Mouser Description"; Value = "0402 1 uF 10 V ±10% Tolerance X5R Surface Mount Multilayer Ceramic Capacitor"; VariantName = "[No Variations]"
Add component (AddParameter): Name = "Octopart"; Value = "https://octopart.com/grm155r61a105ke15d-murata-197442"; VariantName = "[No Variations]"
Add component (AddParameter): Name = "Package"; Value = "GRM15-0.1"; VariantName = "[No Variations]"
Add component (AddParameter): Name = "RoHS"; Value = "TRUE"; VariantName = "[No Variations]"
Add component (AddParameter): Name = "Temperature"; Value = "-55°C to +85°C"; VariantName = "[No Variations]"
Add component (AddParameter): Name = "Temperature Characteristic"; Value = "X5R"; VariantName = "[No Variations]"
Add component (AddParameter): Name = "Temperature Coefficient"; Value = "15%"; VariantName = "[No Variations]"
Add component (AddParameter): Name = "Temperature Range High"; Value = "+85°C"; VariantName = "[No Variations]"
Add component (AddParameter): Name = "Temperature Range Low"; Value = "-55°C"; VariantName = "[No Variations]"
Add component (AddParameter): Name = "Tolerance"; Value = "10%"; VariantName = "[No Variations]"
Add component (AddParameter): Name = "Value"; Value = "1uF"; VariantName = "[No Variations]"
Add component (AddParameter): Name = "Voltage Rating"; Value = "10V"; VariantName = "[No Variations]"
Added Component: Designator=C2(FP-GRM15-0_1-MFG)
Add component (AddParameter): Name = "Automotive"; Value = "No"; VariantName = "[No Variations]"
Add component (AddParameter): Name = "Capacitance"; Value = "1uF"; VariantName = "[No Variations]"
Add component (AddParameter): Name = "Category"; Value = "Cap"; VariantName = "[No Variations]"
Add component (AddParameter): Name = "ComponentLink2Description"; Value = "Datasheet"; VariantName = "[No Variations]"
Add component (AddParameter): Name = "ComponentLink2URL"; Value = "https://search.murata.co.jp/Ceramy/image/img/A01X/G101/ENG/GRM155R61A105KE15-01A.pdf"; VariantName = "[No Variations]"
Add component (AddParameter): Name = "Device Class L1"; Value = "Passive Components"; VariantName = "[No Variations]"
Add component (AddParameter): Name = "Device Class L2"; Value = "Capacitors"; VariantName = "[No Variations]"
Add component (AddParameter): Name = "Device Class L3"; Value = "Ceramic Capacitors"; VariantName = "[No Variations]"
Add component (AddParameter): Name = "Digikey Description"; Value = "CAP CER 1UF 10V X5R 0402"; VariantName = "[No Variations]"
Add component (AddParameter): Name = "Height"; Value = "0.55mm"; VariantName = "[No Variations]"
Add component (AddParameter): Name = "Ipc Land Pattern Name"; Value = "CAPC10050X50"; VariantName = "[No Variations]"
Add component (AddParameter): Name = "Lead Free"; Value = "Yes"; VariantName = "[No Variations]"
Add component (AddParameter): Name = "Manufacturer"; Value = "Murata"; VariantName = "[No Variations]"
Add component (AddParameter): Name = "Manufacturer Part Number"; Value = "GRM155R61A105KE15D"; VariantName = "[No Variations]"
Add component (AddParameter): Name = "Material"; Value = "Ceramic"; VariantName = "[No Variations]"
Add component (AddParameter): Name = "Mouser Description"; Value = "0402 1 uF 10 V ±10% Tolerance X5R Surface Mount Multilayer Ceramic Capacitor"; VariantName = "[No Variations]"
Add component (AddParameter): Name = "Octopart"; Value = "https://octopart.com/grm155r61a105ke15d-murata-197442"; VariantName = "[No Variations]"
Add component (AddParameter): Name = "Package"; Value = "GRM15-0.1"; VariantName = "[No Variations]"
Add component (AddParameter): Name = "RoHS"; Value = "TRUE"; VariantName = "[No Variations]"
Add component (AddParameter): Name = "Temperature"; Value = "-55°C to +85°C"; VariantName = "[No Variations]"
Add component (AddParameter): Name = "Temperature Characteristic"; Value = "X5R"; VariantName = "[No Variations]"
Add component (AddParameter): Name = "Temperature Coefficient"; Value = "15%"; VariantName = "[No Variations]"
Add component (AddParameter): Name = "Temperature Range High"; Value = "+85°C"; VariantName = "[No Variations]"
Add component (AddParameter): Name = "Temperature Range Low"; Value = "-55°C"; VariantName = "[No Variations]"
Add component (AddParameter): Name = "Tolerance"; Value = "10%"; VariantName = "[No Variations]"
Add component (AddParameter): Name = "Value"; Value = "1uF"; VariantName = "[No Variations]"
Add component (AddParameter): Name = "Voltage Rating"; Value = "10V"; VariantName = "[No Variations]"
Added Component: Designator=J1(2-POS_HEADER)
Added Component: Designator=J2(4-pos RA Thru-hole)
Added Component: Designator=J3(4-pos RA Thru-hole)
Added Component: Designator=P1(HDR2X20)
Add component (AddParameter): Name = "LatestRevisionDate"; Value = "17-Jul-2002"; VariantName = "[No Variations]"
Add component (AddParameter): Name = "LatestRevisionNote"; Value = "Re-released for DXP Platform."; VariantName = "[No Variations]"
Add component (AddParameter): Name = "Publisher"; Value = "Altium Limited"; VariantName = "[No Variations]"
Added Component: Designator=P2(HDR2X20)
Add component (AddParameter): Name = "LatestRevisionDate"; Value = "17-Jul-2002"; VariantName = "[No Variations]"
Add component (AddParameter): Name = "LatestRevisionNote"; Value = "Re-released for DXP Platform."; VariantName = "[No Variations]"
Add component (AddParameter): Name = "Publisher"; Value = "Altium Limited"; VariantName = "[No Variations]"
Added Component: Designator=P3(HDR1X6)
Add component (AddParameter): Name = "LatestRevisionDate"; Value = "17-Jul-2002"; VariantName = "[No Variations]"
Add component (AddParameter): Name = "LatestRevisionNote"; Value = "Re-released for DXP Platform."; VariantName = "[No Variations]"
Add component (AddParameter): Name = "Publisher"; Value = "Altium Limited"; VariantName = "[No Variations]"
Added Component: Designator=P4(HDR2X20)
Add component (AddParameter): Name = "LatestRevisionDate"; Value = "17-Jul-2002"; VariantName = "[No Variations]"
Add component (AddParameter): Name = "LatestRevisionNote"; Value = "Re-released for DXP Platform."; VariantName = "[No Variations]"
Add component (AddParameter): Name = "Publisher"; Value = "Altium Limited"; VariantName = "[No Variations]"
Added Component: Designator=P5(HDR2X20)
Add component (AddParameter): Name = "LatestRevisionDate"; Value = "17-Jul-2002"; VariantName = "[No Variations]"
Add component (AddParameter): Name = "LatestRevisionNote"; Value = "Re-released for DXP Platform."; VariantName = "[No Variations]"
Add component (AddParameter): Name = "Publisher"; Value = "Altium Limited"; VariantName = "[No Variations]"
Added Component: Designator=P6(HDR1X6)
Add component (AddParameter): Name = "LatestRevisionDate"; Value = "17-Jul-2002"; VariantName = "[No Variations]"
Add component (AddParameter): Name = "LatestRevisionNote"; Value = "Re-released for DXP Platform."; VariantName = "[No Variations]"
Add component (AddParameter): Name = "Publisher"; Value = "Altium Limited"; VariantName = "[No Variations]"
Added Component: Designator=P7(HDR2X20)
Add component (AddParameter): Name = "LatestRevisionDate"; Value = "17-Jul-2002"; VariantName = "[No Variations]"
Add component (AddParameter): Name = "LatestRevisionNote"; Value = "Re-released for DXP Platform."; VariantName = "[No Variations]"
Add component (AddParameter): Name = "Publisher"; Value = "Altium Limited"; VariantName = "[No Variations]"
Added Component: Designator=P8(HDR2X20)
Add component (AddParameter): Name = "LatestRevisionDate"; Value = "17-Jul-2002"; VariantName = "[No Variations]"
Add component (AddParameter): Name = "LatestRevisionNote"; Value = "Re-released for DXP Platform."; VariantName = "[No Variations]"
Add component (AddParameter): Name = "Publisher"; Value = "Altium Limited"; VariantName = "[No Variations]"
Added Component: Designator=U2(8-SOIC)
Added Component: Designator=U3(8-SOIC)
Added Pin To Net: NetName=+3V3 Pin=C2-1
Added Pin To Net: NetName=+3V3 Pin=P3-1
Added Pin To Net: NetName=+3V3 Pin=P3-2
Added Pin To Net: NetName=+3V3 Pin=P3-3
Added Pin To Net: NetName=+3V3 Pin=P3-4
Added Pin To Net: NetName=+3V3 Pin=P3-5
Added Pin To Net: NetName=+3V3 Pin=P3-6
Added Pin To Net: NetName=+3V3 Pin=P4-17
Added Pin To Net: NetName=+3V3 Pin=P5-17
Added Pin To Net: NetName=+3V3 Pin=U2-8
Added Pin To Net: NetName=+3V3 Pin=U3-8
Added Net: Name=+3V3
Added Pin To Net: NetName=+5V Pin=C1-1
Added Pin To Net: NetName=+5V Pin=J1-1
Added Pin To Net: NetName=+5V Pin=J2-1
Added Pin To Net: NetName=+5V Pin=J3-1
Added Net: Name=+5V
Added Pin To Net: NetName=GND Pin=C1-2
Added Pin To Net: NetName=GND Pin=C2-2
Added Pin To Net: NetName=GND Pin=J1-2
Added Pin To Net: NetName=GND Pin=J2-4
Added Pin To Net: NetName=GND Pin=J3-4
Added Pin To Net: NetName=GND Pin=P1-11
Added Pin To Net: NetName=GND Pin=P1-12
Added Pin To Net: NetName=GND Pin=P1-21
Added Pin To Net: NetName=GND Pin=P1-22
Added Pin To Net: NetName=GND Pin=P1-31
Added Pin To Net: NetName=GND Pin=P1-32
Added Pin To Net: NetName=GND Pin=P1-39
Added Pin To Net: NetName=GND Pin=P2-11
Added Pin To Net: NetName=GND Pin=P2-12
Added Pin To Net: NetName=GND Pin=P2-21
Added Pin To Net: NetName=GND Pin=P2-22
Added Pin To Net: NetName=GND Pin=P2-31
Added Pin To Net: NetName=GND Pin=P2-32
Added Pin To Net: NetName=GND Pin=P4-9
Added Pin To Net: NetName=GND Pin=P4-25
Added Pin To Net: NetName=GND Pin=P5-9
Added Pin To Net: NetName=GND Pin=P5-25
Added Pin To Net: NetName=GND Pin=P6-1
Added Pin To Net: NetName=GND Pin=P6-2
Added Pin To Net: NetName=GND Pin=P6-3
Added Pin To Net: NetName=GND Pin=P6-4
Added Pin To Net: NetName=GND Pin=P6-5
Added Pin To Net: NetName=GND Pin=P6-6
Added Pin To Net: NetName=GND Pin=P7-11
Added Pin To Net: NetName=GND Pin=P7-12
Added Pin To Net: NetName=GND Pin=P7-21
Added Pin To Net: NetName=GND Pin=P7-22
Added Pin To Net: NetName=GND Pin=P7-31
Added Pin To Net: NetName=GND Pin=P7-32
Added Pin To Net: NetName=GND Pin=P8-11
Added Pin To Net: NetName=GND Pin=P8-12
Added Pin To Net: NetName=GND Pin=P8-21
Added Pin To Net: NetName=GND Pin=P8-22
Added Pin To Net: NetName=GND Pin=P8-31
Added Pin To Net: NetName=GND Pin=U2-5
Added Pin To Net: NetName=GND Pin=U3-5
Added Net: Name=GND
Added Pin To Net: NetName=GPIO0 (SDA) Pin=P4-27
Added Pin To Net: NetName=GPIO0 (SDA) Pin=P5-27
Added Net: Name=GPIO0 (SDA)
Added Pin To Net: NetName=GPIO2 Pin=P4-3
Added Pin To Net: NetName=GPIO2 Pin=P5-3
Added Net: Name=GPIO2
Added Pin To Net: NetName=GPIO3 Pin=P4-5
Added Pin To Net: NetName=GPIO3 Pin=P5-5
Added Net: Name=GPIO3
Added Pin To Net: NetName=GPIO4 Pin=P4-7
Added Pin To Net: NetName=GPIO4 Pin=P5-7
Added Net: Name=GPIO4
Added Pin To Net: NetName=GPIO5 Pin=P4-29
Added Pin To Net: NetName=GPIO5 Pin=P5-29
Added Net: Name=GPIO5
Added Pin To Net: NetName=GPIO6 Pin=P4-31
Added Pin To Net: NetName=GPIO6 Pin=P5-31
Added Net: Name=GPIO6
Added Pin To Net: NetName=GPIO9 (MISO) Pin=P4-21
Added Pin To Net: NetName=GPIO9 (MISO) Pin=P5-21
Added Net: Name=GPIO9 (MISO)
Added Pin To Net: NetName=GPIO10 (MOSI) Pin=P4-19
Added Pin To Net: NetName=GPIO10 (MOSI) Pin=P5-19
Added Net: Name=GPIO10 (MOSI)
Added Pin To Net: NetName=GPIO11 (SCLK) Pin=P4-23
Added Pin To Net: NetName=GPIO11 (SCLK) Pin=P5-23
Added Net: Name=GPIO11 (SCLK)
Added Pin To Net: NetName=GPIO13 (PWM1) Pin=P4-33
Added Pin To Net: NetName=GPIO13 (PWM1) Pin=P5-33
Added Net: Name=GPIO13 (PWM1)
Added Pin To Net: NetName=GPIO17 Pin=P4-11
Added Pin To Net: NetName=GPIO17 Pin=P5-11
Added Net: Name=GPIO17
Added Pin To Net: NetName=GPIO19 (PCM FS) Pin=P4-35
Added Pin To Net: NetName=GPIO19 (PCM FS) Pin=P5-35
Added Net: Name=GPIO19 (PCM FS)
Added Pin To Net: NetName=GPIO22 Pin=P4-15
Added Pin To Net: NetName=GPIO22 Pin=P5-15
Added Net: Name=GPIO22
Added Pin To Net: NetName=GPIO26 Pin=P4-37
Added Pin To Net: NetName=GPIO26 Pin=P5-37
Added Net: Name=GPIO26
Added Pin To Net: NetName=GPIO27 Pin=P4-13
Added Pin To Net: NetName=GPIO27 Pin=P5-13
Added Net: Name=GPIO27
Added Pin To Net: NetName=NetJ2_2 Pin=J2-2
Added Pin To Net: NetName=NetJ2_2 Pin=U2-6
Added Net: Name=NetJ2_2
Added Pin To Net: NetName=NetJ2_3 Pin=J2-3
Added Pin To Net: NetName=NetJ2_3 Pin=U2-7
Added Net: Name=NetJ2_3
Added Pin To Net: NetName=NetJ3_2 Pin=J3-2
Added Pin To Net: NetName=NetJ3_2 Pin=U3-6
Added Net: Name=NetJ3_2
Added Pin To Net: NetName=NetJ3_3 Pin=J3-3
Added Pin To Net: NetName=NetJ3_3 Pin=U3-7
Added Net: Name=NetJ3_3
Added Pin To Net: NetName=NetP4_1 Pin=P4-1
Added Pin To Net: NetName=NetP4_1 Pin=P5-1
Added Net: Name=NetP4_1
Added Pin To Net: NetName=NetP4_2 Pin=P4-2
Added Pin To Net: NetName=NetP4_2 Pin=P5-2
Added Net: Name=NetP4_2
Added Pin To Net: NetName=NetP4_4 Pin=P4-4
Added Pin To Net: NetName=NetP4_4 Pin=P5-4
Added Net: Name=NetP4_4
Added Pin To Net: NetName=NetP4_6 Pin=P4-6
Added Pin To Net: NetName=NetP4_6 Pin=P5-6
Added Net: Name=NetP4_6
Added Pin To Net: NetName=NetP4_8 Pin=P4-8
Added Pin To Net: NetName=NetP4_8 Pin=P5-8
Added Net: Name=NetP4_8
Added Pin To Net: NetName=NetP4_10 Pin=P4-10
Added Pin To Net: NetName=NetP4_10 Pin=P5-10
Added Net: Name=NetP4_10
Added Pin To Net: NetName=NetP4_12 Pin=P4-12
Added Pin To Net: NetName=NetP4_12 Pin=P5-12
Added Net: Name=NetP4_12
Added Pin To Net: NetName=NetP4_14 Pin=P4-14
Added Pin To Net: NetName=NetP4_14 Pin=P5-14
Added Net: Name=NetP4_14
Added Pin To Net: NetName=NetP4_16 Pin=P4-16
Added Pin To Net: NetName=NetP4_16 Pin=P5-16
Added Net: Name=NetP4_16
Added Pin To Net: NetName=NetP4_18 Pin=P4-18
Added Pin To Net: NetName=NetP4_18 Pin=P5-18
Added Net: Name=NetP4_18
Added Pin To Net: NetName=NetP4_20 Pin=P4-20
Added Pin To Net: NetName=NetP4_20 Pin=P5-20
Added Net: Name=NetP4_20
Added Pin To Net: NetName=NetP4_22 Pin=P4-22
Added Pin To Net: NetName=NetP4_22 Pin=P5-22
Added Net: Name=NetP4_22
Added Pin To Net: NetName=NetP4_24 Pin=P4-24
Added Pin To Net: NetName=NetP4_24 Pin=P5-24
Added Net: Name=NetP4_24
Added Pin To Net: NetName=NetP4_26 Pin=P4-26
Added Pin To Net: NetName=NetP4_26 Pin=P5-26
Added Net: Name=NetP4_26
Added Pin To Net: NetName=NetP4_28 Pin=P4-28
Added Pin To Net: NetName=NetP4_28 Pin=P5-28
Added Net: Name=NetP4_28
Added Pin To Net: NetName=NetP4_30 Pin=P4-30
Added Pin To Net: NetName=NetP4_30 Pin=P5-30
Added Net: Name=NetP4_30
Added Pin To Net: NetName=NetP4_32 Pin=P4-32
Added Pin To Net: NetName=NetP4_32 Pin=P5-32
Added Net: Name=NetP4_32
Added Pin To Net: NetName=NetP4_34 Pin=P4-34
Added Pin To Net: NetName=NetP4_34 Pin=P5-34
Added Net: Name=NetP4_34
Added Pin To Net: NetName=NetP4_36 Pin=P4-36
Added Pin To Net: NetName=NetP4_36 Pin=P5-36
Added Net: Name=NetP4_36
Added Pin To Net: NetName=NetP4_38 Pin=P4-38
Added Pin To Net: NetName=NetP4_38 Pin=P5-38
Added Net: Name=NetP4_38
Added Pin To Net: NetName=NetP4_39 Pin=P4-39
Added Pin To Net: NetName=NetP4_39 Pin=P5-39
Added Net: Name=NetP4_39
Added Pin To Net: NetName=NetP4_40 Pin=P4-40
Added Pin To Net: NetName=NetP4_40 Pin=P5-40
Added Net: Name=NetP4_40
Added Class: Name=RPi_connector_board
Added Room: Name=RPi_connector_board
